[    0.000000] Initializing cgroup subsys cpuset
[    0.000000] Initializing cgroup subsys cpu
[    0.000000] Initializing cgroup subsys cpuacct
[    0.000000] Linux version 4.4.0-185-generic (buildd@lgw01-amd64-017) (gcc version 5.4.0 20160609 (Ubuntu 5.4.0-6ubuntu1~16.04.12) ) #215-Ubuntu SMP Mon Jun 8 21:53:19 UTC 2020 (Ubuntu 4.4.0-185.215-generic 4.4.224)
[    0.000000] Command line: BOOT_IMAGE=/boot/vmlinuz-4.4.0-185-generic root=LABEL=cloudimg-rootfs ro console=tty1 console=ttyS0
[    0.000000] KERNEL supported cpus:
[    0.000000]   Intel GenuineIntel
[    0.000000]   AMD AuthenticAMD
[    0.000000]   Centaur CentaurHauls
[    0.000000] [Firmware Bug]: TSC doesn't count with P0 frequency!
[    0.000000] x86/fpu: xstate_offset[2]:  576, xstate_sizes[2]:  256
[    0.000000] x86/fpu: Supporting XSAVE feature 0x01: 'x87 floating point registers'
[    0.000000] x86/fpu: Supporting XSAVE feature 0x02: 'SSE registers'
[    0.000000] x86/fpu: Supporting XSAVE feature 0x04: 'AVX registers'
[    0.000000] x86/fpu: Enabled xstate features 0x7, context size is 832 bytes, using 'standard' format.
[    0.000000] e820: BIOS-provided physical RAM map:
[    0.000000] BIOS-e820: [mem 0x0000000000000000-0x000000000009fbff] usable
[    0.000000] BIOS-e820: [mem 0x000000000009fc00-0x000000000009ffff] reserved
[    0.000000] BIOS-e820: [mem 0x00000000000f0000-0x00000000000fffff] reserved
[    0.000000] BIOS-e820: [mem 0x0000000000100000-0x000000003ffeffff] usable
[    0.000000] BIOS-e820: [mem 0x000000003fff0000-0x000000003fffffff] ACPI data
[    0.000000] BIOS-e820: [mem 0x00000000fec00000-0x00000000fec00fff] reserved
[    0.000000] BIOS-e820: [mem 0x00000000fee00000-0x00000000fee00fff] reserved
[    0.000000] BIOS-e820: [mem 0x00000000fffc0000-0x00000000ffffffff] reserved
[    0.000000] NX (Execute Disable) protection: active
[    0.000000] SMBIOS 2.5 present.
[    0.000000] Hypervisor detected: KVM
[    0.000000] Kernel/User page tables isolation: disabled
[    0.000000] e820: last_pfn = 0x3fff0 max_arch_pfn = 0x400000000
[    0.000000] MTRR: Disabled
[    0.000000] x86/PAT: MTRRs disabled, skipping PAT initialization too.
[    0.000000] CPU MTRRs all blank - virtualized system.
[    0.000000] x86/PAT: Configuration [0-7]: WB  WT  UC- UC  WB  WT  UC- UC  
[    0.000000] found SMP MP-table at [mem 0x0009fff0-0x0009ffff] mapped at [ffff88000009fff0]
[    0.000000] Scanning 1 areas for low memory corruption
[    0.000000] RAMDISK: [mem 0x361be000-0x370d6fff]
[    0.000000] ACPI: Early table checksum verification disabled
[    0.000000] ACPI: RSDP 0x00000000000E0000 000024 (v02 VBOX  )
[    0.000000] ACPI: XSDT 0x000000003FFF0030 00003C (v01 VBOX   VBOXXSDT 00000001 ASL  00000061)
[    0.000000] ACPI: FACP 0x000000003FFF00F0 0000F4 (v04 VBOX   VBOXFACP 00000001 ASL  00000061)
[    0.000000] ACPI: DSDT 0x000000003FFF0470 002325 (v02 VBOX   VBOXBIOS 00000002 INTL 20200214)
[    0.000000] ACPI: FACS 0x000000003FFF0200 000040
[    0.000000] ACPI: FACS 0x000000003FFF0200 000040
[    0.000000] ACPI: APIC 0x000000003FFF0240 00005C (v02 VBOX   VBOXAPIC 00000001 ASL  00000061)
[    0.000000] ACPI: SSDT 0x000000003FFF02A0 0001CC (v01 VBOX   VBOXCPUT 00000002 INTL 20200214)
[    0.000000] No NUMA configuration found
[    0.000000] Faking a node at [mem 0x0000000000000000-0x000000003ffeffff]
[    0.000000] NODE_DATA(0) allocated [mem 0x3ffeb000-0x3ffeffff]
[    0.000000] kvm-clock: Using msrs 4b564d01 and 4b564d00
[    0.000000] kvm-clock: cpu 0, msr 0:3ffe3001, primary cpu clock
[    0.000000] kvm-clock: using sched offset of 4284275890 cycles
[    0.000000] clocksource: kvm-clock: mask: 0xffffffffffffffff max_cycles: 0x1cd42e4dffb, max_idle_ns: 881590591483 ns
[    0.000000] Zone ranges:
[    0.000000]   DMA      [mem 0x0000000000001000-0x0000000000ffffff]
[    0.000000]   DMA32    [mem 0x0000000001000000-0x000000003ffeffff]
[    0.000000]   Normal   empty
[    0.000000]   Device   empty
[    0.000000] Movable zone start for each node
[    0.000000] Early memory node ranges
[    0.000000]   node   0: [mem 0x0000000000001000-0x000000000009efff]
[    0.000000]   node   0: [mem 0x0000000000100000-0x000000003ffeffff]
[    0.000000] Initmem setup node 0 [mem 0x0000000000001000-0x000000003ffeffff]
[    0.000000] ACPI: PM-Timer IO Port: 0x4008
[    0.000000] IOAPIC[0]: apic_id 2, version 32, address 0xfec00000, GSI 0-23
[    0.000000] ACPI: INT_SRC_OVR (bus 0 bus_irq 0 global_irq 2 dfl dfl)
[    0.000000] ACPI: INT_SRC_OVR (bus 0 bus_irq 9 global_irq 9 low level)
[    0.000000] Using ACPI (MADT) for SMP configuration information
[    0.000000] smpboot: Allowing 2 CPUs, 0 hotplug CPUs
[    0.000000] PM: Registered nosave memory: [mem 0x00000000-0x00000fff]
[    0.000000] PM: Registered nosave memory: [mem 0x0009f000-0x0009ffff]
[    0.000000] PM: Registered nosave memory: [mem 0x000a0000-0x000effff]
[    0.000000] PM: Registered nosave memory: [mem 0x000f0000-0x000fffff]
[    0.000000] e820: [mem 0x40000000-0xfebfffff] available for PCI devices
[    0.000000] Booting paravirtualized kernel on KVM
[    0.000000] clocksource: refined-jiffies: mask: 0xffffffff max_cycles: 0xffffffff, max_idle_ns: 7645519600211568 ns
[    0.000000] setup_percpu: NR_CPUS:512 nr_cpumask_bits:512 nr_cpu_ids:2 nr_node_ids:1
[    0.000000] PERCPU: Embedded 33 pages/cpu @ffff88003fc00000 s95448 r8192 d31528 u1048576
[    0.000000] Built 1 zonelists in Node order, mobility grouping on.  Total pages: 257912
[    0.000000] Policy zone: DMA32
[    0.000000] Kernel command line: BOOT_IMAGE=/boot/vmlinuz-4.4.0-185-generic root=LABEL=cloudimg-rootfs ro console=tty1 console=ttyS0
[    0.000000] PID hash table entries: 4096 (order: 3, 32768 bytes)
[    0.000000] Memory: 997092K/1048120K available (8632K kernel code, 1336K rwdata, 4036K rodata, 1488K init, 1292K bss, 51028K reserved, 0K cma-reserved)
[    0.000000] SLUB: HWalign=64, Order=0-3, MinObjects=0, CPUs=2, Nodes=1
[    0.000000] Hierarchical RCU implementation.
[    0.000000] 	Build-time adjustment of leaf fanout to 64.
[    0.000000] 	RCU restricting CPUs from NR_CPUS=512 to nr_cpu_ids=2.
[    0.000000] RCU: Adjusting geometry for rcu_fanout_leaf=64, nr_cpu_ids=2
[    0.000000] NR_IRQS:33024 nr_irqs:440 16
[    0.000000] Console: colour VGA+ 80x25
[    0.000000] console [tty1] enabled
[    0.000000] console [ttyS0] enabled
[    0.000000] tsc: Detected 2417.210 MHz processor
[    0.261311] Calibrating delay loop (skipped) preset value.. 4834.42 BogoMIPS (lpj=9668840)
[    0.264405] pid_max: default: 32768 minimum: 301
[    0.266042] ACPI: Core revision 20150930
[    0.270592] ACPI: 2 ACPI AML tables successfully acquired and loaded
[    0.273241] Security Framework initialized
[    0.274706] Yama: becoming mindful.
[    0.276137] AppArmor: AppArmor initialized
[    0.277793] Dentry cache hash table entries: 131072 (order: 8, 1048576 bytes)
[    0.280472] Inode-cache hash table entries: 65536 (order: 7, 524288 bytes)
[    0.286713] Mount-cache hash table entries: 2048 (order: 2, 16384 bytes)
[    0.289370] Mountpoint-cache hash table entries: 2048 (order: 2, 16384 bytes)
[    0.291499] Initializing cgroup subsys io
[    0.292740] Initializing cgroup subsys memory
[    0.293786] Initializing cgroup subsys devices
[    0.294863] Initializing cgroup subsys freezer
[    0.295929] Initializing cgroup subsys net_cls
[    0.296994] Initializing cgroup subsys perf_event
[    0.298017] Initializing cgroup subsys net_prio
[    0.299008] Initializing cgroup subsys hugetlb
[    0.299988] Initializing cgroup subsys pids
[    0.301237] mce: CPU supports 0 MCE banks
[    0.303409] Last level iTLB entries: 4KB 512, 2MB 1024, 4MB 512
[    0.305214] Last level dTLB entries: 4KB 1024, 2MB 1024, 4MB 512, 1GB 0
[    0.306888] Spectre V1 : Mitigation: usercopy/swapgs barriers and __user pointer sanitization
[    0.310384] Spectre V2 : Spectre mitigation: LFENCE not serializing, switching to generic retpoline
[    0.313523] Spectre V2 : Mitigation: Full generic retpoline
[    0.315431] Spectre V2 : Spectre v2 / SpectreRSB mitigation: Filling RSB on context switch
[    0.319586] Speculative Store Bypass: Mitigation: Speculative Store Bypass disabled via prctl and seccomp
[    0.326953] Freeing SMP alternatives memory: 36K
[    0.337745] ftrace: allocating 32322 entries in 127 pages
[    0.436729] smpboot: APIC(0) Converting physical 0 to logical package 0
[    0.438877] smpboot: Max logical packages: 1
[    0.440736] x2apic enabled
[    0.442209] Switched APIC routing to physical x2apic.
[    0.445285] ..TIMER: vector=0x30 apic1=0 pin1=2 apic2=-1 pin2=-1
[    0.555051] smpboot: CPU0: AMD PRO A10-8730B R5, 10 COMPUTE CORES 4C+6G (family: 0x15, model: 0x65, stepping: 0x1)
[    0.559362] Performance Events: Broken PMU hardware detected, using software events only.
[    0.562575] Failed to access perfctr msr (MSR c0010007 is 0)
[    0.582844] KVM setup paravirtual spinlock
[    0.586859] x86: Booting SMP configuration:
[    0.588958] .... node  #0, CPUs:      #1
[    0.590811] kvm-clock: cpu 1, msr 0:3ffe3041, secondary cpu clock
[    0.592361] mce: CPU supports 0 MCE banks
[    0.595582] x86: Booted up 1 node, 2 CPUs
[    0.597179] smpboot: Total of 2 processors activated (9668.84 BogoMIPS)
[    0.600258] devtmpfs: initialized
[    0.604681] evm: security.selinux
[    0.605900] evm: security.SMACK64
[    0.606960] evm: security.SMACK64EXEC
[    0.608102] evm: security.SMACK64TRANSMUTE
[    0.609208] evm: security.SMACK64MMAP
[    0.610787] evm: security.ima
[    0.611868] evm: security.capability
[    0.615997] clocksource: jiffies: mask: 0xffffffff max_cycles: 0xffffffff, max_idle_ns: 7645041785100000 ns
[    0.620302] futex hash table entries: 512 (order: 3, 32768 bytes)
[    0.621896] pinctrl core: initialized pinctrl subsystem
[    0.623367] RTC time: 13:20:35, date: 07/17/20
[    0.624926] NET: Registered protocol family 16
[    0.635179] cpuidle: using governor ladder
[    0.647679] cpuidle: using governor menu
[    0.651232] PCCT header not found.
[    0.653320] ACPI: bus type PCI registered
[    0.655231] acpiphp: ACPI Hot Plug PCI Controller Driver version: 0.5
[    0.658199] PCI: Using configuration type 1 for base access
[    0.660125] PCI: Using configuration type 1 for extended access
[    0.676277] ACPI: Added _OSI(Module Device)
[    0.678317] ACPI: Added _OSI(Processor Device)
[    0.680607] ACPI: Added _OSI(3.0 _SCP Extensions)
[    0.686172] ACPI: Added _OSI(Processor Aggregator Device)
[    0.690492] ACPI: Executed 1 blocks of module-level executable AML code
[    0.696356] ACPI: Interpreter enabled
[    0.698547] ACPI: (supports S0 S5)
[    0.700374] ACPI: Using IOAPIC for interrupt routing
[    0.702567] PCI: Using host bridge windows from ACPI; if necessary, use "pci=nocrs" and report a bug
[    0.714913] ACPI: PCI Root Bridge [PCI0] (domain 0000 [bus 00-ff])
[    0.717484] acpi PNP0A03:00: _OSC: OS supports [ExtendedConfig ASPM ClockPM Segments MSI]
[    0.721863] acpi PNP0A03:00: _OSC: platform does not support [PCIeCapability]
[    0.724755] acpi PNP0A03:00: _OSC: not requesting control; platform does not support [PCIeCapability]
[    0.728227] acpi PNP0A03:00: _OSC: OS requested [PCIeHotplug PME AER PCIeCapability]
[    0.731324] acpi PNP0A03:00: _OSC: platform willing to grant [PCIeHotplug PME AER]
[    0.735477] acpi PNP0A03:00: _OSC failed (AE_SUPPORT); disabling ASPM
[    0.738894] PCI host bridge to bus 0000:00
[    0.740469] pci_bus 0000:00: root bus resource [io  0x0000-0x0cf7 window]
[    0.770878] pci_bus 0000:00: root bus resource [io  0x0d00-0xffff window]
[    0.775094] pci_bus 0000:00: root bus resource [mem 0x000a0000-0x000bffff window]
[    0.779282] pci_bus 0000:00: root bus resource [mem 0x40000000-0xfdffffff window]
[    0.783831] pci_bus 0000:00: root bus resource [bus 00-ff]
[    0.790492] pci 0000:00:01.1: legacy IDE quirk: reg 0x10: [io  0x01f0-0x01f7]
[    0.793552] pci 0000:00:01.1: legacy IDE quirk: reg 0x14: [io  0x03f6]
[    0.796529] pci 0000:00:01.1: legacy IDE quirk: reg 0x18: [io  0x0170-0x0177]
[    0.801149] pci 0000:00:01.1: legacy IDE quirk: reg 0x1c: [io  0x0376]
[    0.888775] pci 0000:00:07.0: quirk: [io  0x4000-0x403f] claimed by PIIX4 ACPI
[    0.891506] pci 0000:00:07.0: quirk: [io  0x4100-0x410f] claimed by PIIX4 SMB
[    0.944273] ACPI: PCI Interrupt Link [LNKA] (IRQs 5 9 10 *11)
[    0.951037] ACPI: PCI Interrupt Link [LNKB] (IRQs 5 9 *10 11)
[    0.956598] ACPI: PCI Interrupt Link [LNKC] (IRQs 5 *9 10 11)
[    0.960563] ACPI: PCI Interrupt Link [LNKD] (IRQs 5 9 10 *11)
[    0.969964] ACPI: Enabled 2 GPEs in block 00 to 07
[    0.975369] vgaarb: setting as boot device: PCI:0000:00:02.0
[    0.984476] vgaarb: device added: PCI:0000:00:02.0,decodes=io+mem,owns=io+mem,locks=none
[    0.989646] vgaarb: loaded
[    0.991932] vgaarb: bridge control possible 0000:00:02.0
[    1.000047] SCSI subsystem initialized
[    1.004448] ACPI: bus type USB registered
[    1.006543] usbcore: registered new interface driver usbfs
[    1.016945] usbcore: registered new interface driver hub
[    1.022655] usbcore: registered new device driver usb
[    1.027330] PCI: Using ACPI for IRQ routing
[    1.033326] NetLabel: Initializing
[    1.036045] NetLabel:  domain hash size = 128
[    1.038681] NetLabel:  protocols = UNLABELED CIPSOv4
[    1.041648] NetLabel:  unlabeled traffic allowed by default
[    1.044862] amd_nb: Cannot enumerate AMD northbridges
[    1.048756] clocksource: Switched to clocksource kvm-clock
[    1.078749] AppArmor: AppArmor Filesystem Enabled
[    1.083394] pnp: PnP ACPI init
[    1.087839] pnp: PnP ACPI: found 3 devices
[    1.120723] clocksource: acpi_pm: mask: 0xffffff max_cycles: 0xffffff, max_idle_ns: 2085701024 ns
[    1.125186] NET: Registered protocol family 2
[    1.129469] TCP established hash table entries: 8192 (order: 4, 65536 bytes)
[    1.133058] TCP bind hash table entries: 8192 (order: 5, 131072 bytes)
[    1.139335] TCP: Hash tables configured (established 8192 bind 8192)
[    1.142217] UDP hash table entries: 512 (order: 2, 16384 bytes)
[    1.147649] UDP-Lite hash table entries: 512 (order: 2, 16384 bytes)
[    1.152240] NET: Registered protocol family 1
[    1.154592] pci 0000:00:00.0: Limiting direct PCI/PCI transfers
[    1.157083] pci 0000:00:01.0: Activating ISA DMA hang workarounds
[    1.164708] Unpacking initramfs...
[    1.665291] Freeing initrd memory: 15460K
[    1.667651] clocksource: tsc: mask: 0xffffffffffffffff max_cycles: 0x22d7b939446, max_idle_ns: 440795325556 ns
[    1.671183] platform rtc_cmos: registered platform RTC device (no PNP device found)
[    1.675291] Scanning for low memory corruption every 60 seconds
[    1.679267] audit: initializing netlink subsys (disabled)
[    1.681296] audit: type=2000 audit(1594992042.679:1): initialized
[    1.683657] Initialise system trusted keyring
[    1.685988] HugeTLB registered 2 MB page size, pre-allocated 0 pages
[    1.693930] zbud: loaded
[    1.697525] VFS: Disk quotas dquot_6.6.0
[    1.698928] VFS: Dquot-cache hash table entries: 512 (order 0, 4096 bytes)
[    1.701439] squashfs: version 4.0 (2009/01/31) Phillip Lougher
[    1.704758] fuse init (API version 7.23)
[    1.709498] Key type big_key registered
[    1.711847] Allocating IMA MOK and blacklist keyrings.
[    1.717121] Key type asymmetric registered
[    1.718722] Asymmetric key parser 'x509' registered
[    1.720669] Block layer SCSI generic (bsg) driver version 0.4 loaded (major 249)
[    1.723778] io scheduler noop registered
[    1.725115] io scheduler deadline registered (default)
[    1.726578] io scheduler cfq registered
[    1.727876] pci_hotplug: PCI Hot Plug PCI Core version: 0.5
[    1.729226] pciehp: PCI Express Hot Plug Controller Driver version: 0.4
[    1.731103] ACPI: AC Adapter [AC] (on-line)
[    1.732355] input: Power Button as /devices/LNXSYSTM:00/LNXPWRBN:00/input/input0
[    1.734688] ACPI: Power Button [PWRF]
[    1.735990] input: Sleep Button as /devices/LNXSYSTM:00/LNXSLPBN:00/input/input1
[    1.738640] ACPI: Sleep Button [SLPF]
[    1.741405] GHES: HEST is not enabled!
[    1.743312] Serial: 8250/16550 driver, 32 ports, IRQ sharing enabled
[    1.745438] ACPI: Battery Slot [BAT0] (battery present)
[    1.767306] 00:02: ttyS0 at I/O 0x3f8 (irq = 4, base_baud = 115200) is a 16550A
[    1.774159] Linux agpgart interface v0.103
[    1.779411] loop: module loaded
[    1.781689] scsi host0: ata_piix
[    1.782963] scsi host1: ata_piix
[    1.784446] ata1: PATA max UDMA/33 cmd 0x1f0 ctl 0x3f6 bmdma 0xd000 irq 14
[    1.786708] ata2: PATA max UDMA/33 cmd 0x170 ctl 0x376 bmdma 0xd008 irq 15
[    1.790893] libphy: Fixed MDIO Bus: probed
[    1.792346] tun: Universal TUN/TAP device driver, 1.6
[    1.793722] tun: (C) 1999-2004 Max Krasnyansky <maxk@qualcomm.com>
[    1.795378] PPP generic driver version 2.4.2
[    1.796749] ehci_hcd: USB 2.0 'Enhanced' Host Controller (EHCI) Driver
[    1.798470] ehci-pci: EHCI PCI platform driver
[    1.799738] ehci-platform: EHCI generic platform driver
[    1.801234] ohci_hcd: USB 1.1 'Open' Host Controller (OHCI) Driver
[    1.802888] ohci-pci: OHCI PCI platform driver
[    1.805973] ohci-platform: OHCI generic platform driver
[    1.808284] uhci_hcd: USB Universal Host Controller Interface driver
[    1.811514] i8042: PNP: PS/2 Controller [PNP0303:PS2K,PNP0f03:PS2M] at 0x60,0x64 irq 1,12
[    1.815773] serio: i8042 KBD port at 0x60,0x64 irq 1
[    1.817981] serio: i8042 AUX port at 0x60,0x64 irq 12
[    1.820367] mousedev: PS/2 mouse device common for all mice
[    1.823440] input: AT Translated Set 2 keyboard as /devices/platform/i8042/serio0/input/input2
[    1.827357] rtc_cmos rtc_cmos: rtc core: registered rtc_cmos as rtc0
[    1.829977] rtc_cmos rtc_cmos: alarms up to one day, 114 bytes nvram
[    1.833101] i2c /dev entries driver
[    1.834411] device-mapper: uevent: version 1.0.3
[    1.836150] device-mapper: ioctl: 4.34.0-ioctl (2015-10-28) initialised: dm-devel@redhat.com
[    1.839129] ledtrig-cpu: registered to indicate activity on CPUs
[    1.841519] x86/pm: family 0x15 cpu detected, MSR saving is needed during suspending.
[    1.844995] NET: Registered protocol family 10
[    1.847243] NET: Registered protocol family 17
[    1.848415] Key type dns_resolver registered
[    1.850461] registered taskstats version 1
[    1.852184] Loading compiled-in X.509 certificates
[    1.857868] Loaded X.509 cert 'Build time autogenerated kernel key: 63b33e3df6fd3cb2c2f5596d77e3bacd7122c70c'
[    1.862094] zswap: loaded using pool lzo/zbud
[    1.869217] Key type trusted registered
[    1.881493] Key type encrypted registered
[    1.883191] AppArmor: AppArmor sha1 policy hashing enabled
[    1.885046] ima: No TPM chip found, activating TPM-bypass!
[    1.887287] ima: Allocated hash algorithm: sha1
[    1.888988] evm: HMAC attrs: 0x1
[    1.890835]   Magic number: 12:931:331
[    1.892223] tty tty52: hash matches
[    1.893673] rtc_cmos rtc_cmos: setting system clock to 2020-07-17 13:20:37 UTC (1594992037)
[    1.896350] BIOS EDD facility v0.16 2004-Jun-25, 0 devices found
[    1.898035] EDD information not available.
[    1.975540] Freeing unused kernel memory: 1488K
[    1.977283] Write protecting the kernel read-only data: 14336k
[    1.981118] Freeing unused kernel memory: 1596K
[    1.982735] Freeing unused kernel memory: 60K
Loading, please wait...
starting version 229
[    2.023908] random: systemd-udevd: uninitialized urandom read (16 bytes read, 2 bits of entropy available)
[    2.025635] random: udevadm: uninitialized urandom read (16 bytes read, 2 bits of entropy available)
[    2.025677] random: udevadm: uninitialized urandom read (16 bytes read, 2 bits of entropy available)
[    2.032723] random: systemd-udevd: uninitialized urandom read (16 bytes read, 2 bits of entropy available)
[    2.036747] random: systemd-udevd: uninitialized urandom read (16 bytes read, 2 bits of entropy available)
[    2.040182] random: systemd-udevd: uninitialized urandom read (16 bytes read, 2 bits of entropy available)
[    2.045543] random: systemd-udevd: uninitialized urandom read (16 bytes read, 2 bits of entropy available)
[    2.045720] random: udevadm: uninitialized urandom read (16 bytes read, 2 bits of entropy available)
[    2.045835] random: udevadm: uninitialized urandom read (16 bytes read, 2 bits of entropy available)
[    2.046186] random: udevadm: uninitialized urandom read (16 bytes read, 2 bits of entropy available)
[    2.119551] e1000: Intel(R) PRO/1000 Network Driver - version 7.3.21-k8-NAPI
[    2.121675] e1000: Copyright (c) 1999-2006 Intel Corporation.
[    2.129177] Fusion MPT base driver 3.04.20
[    2.130503] Copyright (c) 1999-2008 LSI Corporation
[    2.137767] [drm] Initialized drm 1.1.0 20060810
[    2.168957] vboxvideo: loading out-of-tree module taints kernel.
[    2.171417] vboxvideo: module verification failed: signature and/or required key missing - tainting kernel
[    2.221612] AVX2 version of gcm_enc/dec engaged.
[    2.225418] AES CTR mode by8 optimization enabled
[    2.229397] Fusion MPT SPI Host driver 3.04.20
[    2.361147] input: ImExPS/2 Generic Explorer Mouse as /devices/platform/i8042/serio1/input/input4
[    2.699454] e1000 0000:00:03.0 eth0: (PCI:33MHz:32-bit) 02:a0:c0:04:2d:c8
[    2.702723] e1000 0000:00:03.0 eth0: Intel(R) PRO/1000 Network Connection
[    3.699997] e1000 0000:00:08.0 eth1: (PCI:33MHz:32-bit) 08:00:27:b1:9f:db
[    3.702745] e1000 0000:00:08.0 eth1: Intel(R) PRO/1000 Network Connection
[    3.708711] [drm] VRAM 01000000
[    3.710591] e1000 0000:00:03.0 enp0s3: renamed from eth0
[    3.714219] [TTM] Zone  kernel: Available graphics memory: 507866 kiB
[    3.716031] [TTM] Initializing pool allocator
[    3.717644] [TTM] Initializing DMA pool allocator
[    3.723485] fbcon: vboxdrmfb (fb0) is primary device
[    3.725671] e1000 0000:00:08.0 enp0s8: renamed from eth1
[    3.735366] Console: switching to colour frame buffer device 100x37
[    3.744293] vboxvideo 0000:00:02.0: fb0: vboxdrmfb frame buffer device
[    3.757152] [drm] Initialized vboxvideo 1.0.0 20130823 for 0000:00:02.0 on minor 0
[    3.761025] mptbase: ioc0: Initiating bringup
[    3.825244] ioc0: LSI53C1030 A0: Capabilities={Initiator}
[    3.992888] scsi host2: ioc0: LSI53C1030 A0, FwRev=00000000h, Ports=1, MaxQ=256, IRQ=20
[    4.106260] scsi 2:0:0:0: Direct-Access     VBOX     HARDDISK         1.0  PQ: 0 ANSI: 5
[    4.109419] scsi target2:0:0: Beginning Domain Validation
[    4.111880] scsi target2:0:0: Domain Validation skipping write tests
[    4.113139] scsi target2:0:0: Ending Domain Validation
[    4.114245] scsi target2:0:0: asynchronous
[    4.117897] scsi 2:0:1:0: Direct-Access     VBOX     HARDDISK         1.0  PQ: 0 ANSI: 5
[    4.120173] scsi target2:0:1: Beginning Domain Validation
[    4.123108] scsi target2:0:1: Domain Validation skipping write tests
[    4.124452] scsi target2:0:1: Ending Domain Validation
[    4.125718] scsi target2:0:1: asynchronous
[    4.137753] sd 2:0:0:0: Attached scsi generic sg0 type 0
[    4.138969] sd 2:0:0:0: [sda] 20971520 512-byte logical blocks: (10.7 GB/10.0 GiB)
[    4.142046] sd 2:0:1:0: Attached scsi generic sg1 type 0
[    4.143817] sd 2:0:0:0: [sda] Write Protect is off
[    4.144964] sd 2:0:1:0: [sdb] 20480 512-byte logical blocks: (10.5 MB/10.0 MiB)
[    4.145445] sd 2:0:1:0: [sdb] Write Protect is off
[    4.145802] sd 2:0:1:0: [sdb] Incomplete mode parameter data
[    4.145805] sd 2:0:1:0: [sdb] Assuming drive cache: write through
[    4.150594] sd 2:0:1:0: [sdb] Attached SCSI disk
[    4.156566] sd 2:0:0:0: [sda] Incomplete mode parameter data
[    4.158237] sd 2:0:0:0: [sda] Assuming drive cache: write through
[    4.162388]  sda: sda1
[    4.166945] sd 2:0:0:0: [sda] Attached SCSI disk
Begin: Loading essential drivers ... [    4.353238] md: linear personality registered for level -1
[    4.361484] md: multipath personality registered for level -4
[    4.383066] md: raid0 personality registered for level 0
[    4.401700] md: raid1 personality registered for level 1
[    4.480905] raid6: sse2x1   gen()  3234 MB/s
[    4.548906] raid6: sse2x1   xor()  2898 MB/s
[    4.616844] raid6: sse2x2   gen()  5309 MB/s
[    4.684792] raid6: sse2x2   xor()  4173 MB/s
[    4.752925] raid6: sse2x4   gen()  5073 MB/s
[    4.820828] raid6: sse2x4   xor()  2369 MB/s
[    4.888920] raid6: avx2x1   gen()  5863 MB/s
[    4.956986] raid6: avx2x2   gen()  7719 MB/s
[    5.025002] raid6: avx2x4   gen()  3039 MB/s
[    5.027716] raid6: using algorithm avx2x2 gen() 7719 MB/s
[    5.029986] raid6: using avx2x2 recovery algorithm
[    5.033967] xor: automatically using best checksumming function:
[    5.072778]    avx       :  6168.000 MB/sec
[    5.075829] async_tx: api initialized (async)
[    5.092918] md: raid6 personality registered for level 6
[    5.094438] md: raid5 personality registered for level 5
[    5.095837] md: raid4 personality registered for level 4
[    5.111265] md: raid10 personality registered for level 10
done.
Begin: Running /scripts/init-premount ... done.
Begin: Mounting root file system ... Begin: Running /scripts/local-top ... done.
Begin: Running /scripts/local-premount ... [    5.172153] Btrfs loaded
Scanning for Btrfs filesystems
done.
Warning: fsck not present, so skipping root file system
[    5.230167] EXT4-fs (sda1): INFO: recovery required on readonly filesystem
[    5.232176] EXT4-fs (sda1): write access will be enabled during recovery
[    5.331484] EXT4-fs (sda1): orphan cleanup on readonly fs
[    5.334010] EXT4-fs (sda1): 6 orphan inodes deleted
[    5.336954] EXT4-fs (sda1): recovery complete
[    5.340239] EXT4-fs (sda1): mounted filesystem with ordered data mode. Opts: (null)
done.
Begin: Running /scripts/local-bottom ... done.
Begin: Running /scripts/init-bottom ... done.
[    5.526906] systemd[1]: systemd 229 running in system mode. (+PAM +AUDIT +SELINUX +IMA +APPARMOR +SMACK +SYSVINIT +UTMP +LIBCRYPTSETUP +GCRYPT +GNUTLS +ACL +XZ -LZ4 +SECCOMP +BLKID +ELFUTILS +KMOD -IDN)
[    5.531835] systemd[1]: Detected virtualization oracle.
[    5.533587] systemd[1]: Detected architecture x86-64.

Welcome to [1mUbuntu 16.04.6 LTS[0m!

[    5.539293] systemd[1]: Set hostname to <ubuntu-xenial>.
[    5.950751] systemd[1]: Created slice System Slice.
[[0;32m  OK  [0m] Created slice System Slice.
[    5.961896] systemd[1]: Set up automount Arbitrary Executable File Formats File System Automount Point.
[[0;32m  OK  [0m] Set up automount Arbitrary Executab...ats File System Automount Point.
[    6.003644] systemd[1]: Created slice system-serial\x2dgetty.slice.
[[0;32m  OK  [0m] Created slice system-serial\x2dgetty.slice.
[    6.013301] systemd[1]: Started Forward Password Requests to Wall Directory Watch.
[[0;32m  OK  [0m] Started Forward Password Requests to Wall Directory Watch.
[    6.029320] systemd[1]: Reached target Swap.
[[0;32m  OK  [0m] Reached target Swap.
[    6.042976] systemd[1]: Listening on Journal Audit Socket.
[[0;32m  OK  [0m] Listening on Journal Audit Socket.
[    6.048918] systemd[1]: Listening on Device-mapper event daemon FIFOs.
[[0;32m  OK  [0m] Listening on Device-mapper event daemon FIFOs.
[    6.061394] systemd[1]: Listening on udev Kernel Socket.
[[0;32m  OK  [0m] Listening on udev Kernel Socket.
[    6.073795] systemd[1]: Reached target User and Group Name Lookups.
[[0;32m  OK  [0m] Reached target User and Group Name Lookups.
[    6.086563] systemd[1]: Listening on Journal Socket (/dev/log).
[[0;32m  OK  [0m] Listening on Journal Socket (/dev/log).
[    6.093394] systemd[1]: Created slice User and Session Slice.
[[0;32m  OK  [0m] Created slice User and Session Slice.
[    6.099929] systemd[1]: Reached target Slices.
[[0;32m  OK  [0m] Reached target Slices.
[    6.106629] systemd[1]: Listening on Journal Socket.
[[0;32m  OK  [0m] Listening on Journal Socket.
[    6.139329] systemd[1]: Starting Load Kernel Modules...
         Starting Load Kernel Modules...
[    6.158097] systemd[1]: Mounting Debug File System...
         Mounting Debug File System...
[    6.171718] systemd[1]: Mounting Huge Pages File System...
         Mounting Huge Pages File System...
[    6.188556] systemd[1]: Starting Uncomplicated firewall...
         Starting Uncomplicated firewall...
[    6.201742] systemd[1]: Starting Set console keymap...
         Starting Set console keymap...
[    6.215822] systemd[1]: Mounting POSIX Message Queue File System...
         Mountin[    6.230218] Loading iSCSI transport class v2.0-870.
g POSIX Message Queue File System...
[    6.243265] systemd[1]: Starting Nameserver information manager...
         Starting Nameserver information manager...
[    6.255798] systemd[1]: Started Trigger resolvconf update for networkd DNS.
[[0;32m  OK  [0m] Started Trigger resolvconf update for networkd DNS.
[    6.277182] systemd[1]: Listening on /dev/initctl Compatibility Named Pipe.
[[0;32m  OK  [0m] Listening on /dev/initctl Compatibility Named Pipe.
[    6.290315] systemd[1]: Listening on udev Control Socket.
[[0;32m  OK  [0m] Listening on udev Control Socket.
[    6.301088] systemd[1]: Reached target Encrypted Volumes.
[[0;32m  OK  [0m] Reached target Encrypted Volumes.
[    6.309602] systemd[1]: Listening on Syslog Socket.
[[0;32m  OK  [0m] Listening on Syslog Socket.
[    6.327595] iscsi: registered transport (tcp)
[    6.354816] systemd[1]: Starting Journal Service...
         Starting Journal Service...
[    6.361073] systemd[1]: Reached target System Time Synchronized.
[[0;32m  OK  [0m] Reached target System Time Synchronized.
[    6.384517] systemd[1]: Starting Remount Root and Kernel File Systems...
         Starting Remount Root and Kernel File Systems...
[    6.397002] EXT4-fs (sda1): re-mounted. Opts: (null)
[    6.401712] systemd[1]: Listening on LVM2 metadata daemon socket.
[[0;32m  OK  [0m] Listening on LVM2 metadata daemon socket.
[    6.441874] systemd[1]: Starting Monitoring of LVM2 mirrors, snapshots etc. using dmeventd or progress polling...
         Starting Monitoring of LVM2 mirrors... dmeventd or progress polling...
[    6.473569] systemd[1]: Listening on LVM2 poll daemon socket.
[[0;32m  OK  [0m] Listening on LVM2 poll daemon socket.
[    6.492160] iscsi: registered transport (iser)
[    6.506246] systemd[1]: Starting Create list of required static device nodes for the current kernel...
         Starting Create list of required st... nodes for the current kernel...
[    6.530070] systemd[1]: Mounted Debug File System.
[[0;32m  OK  [0m] Mounted Debug File System.
[    6.537690] systemd[1]: Mounted Huge Pages File System.
[[0;32m  OK  [0m] Mounted Huge Pages File System.
[    6.542665] systemd[1]: Mounted POSIX Message Queue File System.
[[0;32m  OK  [0m] Mounted POSIX Message Queue File System.
[    6.551116] systemd[1]: Started Journal Service.
[[0;32m  OK  [0m] Started Journal Service.
[[0;32m  OK  [0m] Started Load Kernel Modules.
[[0;32m  OK  [0m] Started Uncomplicated firewall.
[[0;32m  OK  [0m] Started Set console keymap.
[[0;32m  OK  [0m] Started Remount Root and Kernel File Systems.
[[0;32m  OK  [0m] Started Create list of required sta...ce nodes for the current kernel.
[[0;32m  OK  [0m] Started Nameserver information manager.
[[0;32m  OK  [0m] Started LVM2 metadata daemon.
         Starting Create Static Device Nodes in /dev...
         Starting udev Coldplug all Devices...
         Starting Load/Save Random Seed...
         Mounting FUSE Control File System...
         Starting Apply Kernel Variables...
         Starting Flush Journal to Persistent Storage...
[[0;32m  OK  [0m] Mounted FUSE Control File System.
[[0;32m  OK  [0m] Started Load/Save Random Seed.
[[0;32m  OK  [0m] Started Apply Kernel Variables.
[[0;32m  OK  [0m] Started Flush Journal to Persistent Storage.
[[0;32m  OK  [0m] Started Create Static Device Nodes in /dev.
         Starting udev Kernel Device Manager...
[[0;32m  OK  [0m] Started udev Kernel Device Manager.
[[0;32m  OK  [0m] Started udev Coldplug all Devices.
[[0;32m  OK  [0m] Started Dispatch Password Requests to Console Directory Watch.
[[0;32m  OK  [0m] Started Monitoring of LVM2 mirrors,...ng dmeventd or progress polling.
[[0;32m  OK  [0m] Reached target Local File Systems (Pre).
[[0;32m  OK  [0m] Reached target Local File Systems.
         Starting Tell Plymouth To Write Out Runtime Data...
         Starting LSB: AppArmor initialization...
         Starting Create Volatile Files and Directories...
         Starting Initial cloud-init job (pre-networking)...
         Starting Set console font and keymap...
[[0;32m  OK  [0m] Started Tell Plymouth To Write Out Runtime Data.
[[0;32m  OK  [0m] Started Create Volatile Files and Directories.
         Starting Update UTMP about System Boot/Shutdown...
[[0;32m  OK  [0m] Started Update UTMP about System Boot/Shutdown.
[[0;32m  OK  [0m] Found device /dev/ttyS0.
[[0;32m  OK  [0m] Started Set console font and keymap.
[[0;32m  OK  [0m] Created slice system-getty.slice.
[[0;32m  OK  [0m] Listening on Load/Save RF Kill Switch Status /dev/rfkill Watch.
[[0;32m  OK  [0m] Started LSB: AppArmor initialization.
         Starting Load AppArmor profiles managed internally by snapd...
[[0;32m  OK  [0m] Found device 82540EM Gigabit Ethern...r (PRO/1000 MT Desktop Adapter).
[[0;32m  OK  [0m] Started Load AppArmor profiles managed internally by snapd.
[[0;32m  OK  [0m] Found device 82540EM Gigabit Ethern...r (PRO/1000 MT Desktop Adapter).
[    9.376469] cloud-init[523]: Cloud-init v. 19.4-33-gbb4131a2-0ubuntu1~16.04.1 running 'init-local' at Fri, 17 Jul 2020 13:20:44 +0000. Up 8.77 seconds.
[[0;32m  OK  [0m] Started Initial cloud-init job (pre-networking).
[[0;32m  OK  [0m] Reached target Network (Pre).
         Starting Raise network interfaces...
[[0;32m  OK  [0m] Started ifup for enp0s3.
[[0;32m  OK  [0m] Started ifup for enp0s8.
[[0;32m  OK  [0m] Started Raise network interfaces.
         Starting Initial cloud-init job (metadata service crawler)...
[[0;32m  OK  [0m] Reached target Network.
[   11.214810] cloud-init[1108]: Cloud-init v. 19.4-33-gbb4131a2-0ubuntu1~16.04.1 running 'init' at Fri, 17 Jul 2020 13:20:46 +0000. Up 10.54 seconds.
[   11.225066] cloud-init[1108]: ci-info: ++++++++++++++++++++++++++++++++++++++Net device info+++++++++++++++++++++++++++++++++++++++
[   11.227205] cloud-init[1108]: ci-info: +--------+------+-----------------------------+---------------+--------+-------------------+
[   11.241099] cloud-init[1108]: ci-info: | Device |  Up  |           Address           |      Mask     | Scope  |     Hw-Address    |
[   11.243600] cloud-init[1108]: ci-info: +--------+------+-----------------------------+---------------+--------+-------------------+
[   11.247273] cloud-init[1108]: ci-info: | enp0s3 | True |          10.0.2.15          | 255.255.255.0 | global | 02:a0:c0:04:2d:c8 |
[   11.250367] cloud-init[1108]: ci-info: | enp0s3 | True |  fe80::a0:c0ff:fe04:2dc8/64 |       .       |  link  | 02:a0:c0:04:2d:c8 |
[   11.255195] cloud-init[1108]: ci-info: | enp0s8 | True |        192.168.33.10        | 255.255.255.0 | global | 08:00:27:b1:9f:db |
[   11.257796] cloud-init[1108]: ci-info: | enp0s8 | True | fe80::a00:27ff:feb1:9fdb/64 |       .       |  link  | 08:00:27:b1:9f:db |
[   11.260782] cloud-init[1108]: ci-info: |   lo   | True |          127.0.0.1          |   255.0.0.0   |  host  |         .         |
[   11.264696] cloud-init[1108]: ci-info: |   lo   | True |           ::1/128           |       .       |  host  |         .         |
[   11.267944] cloud-init[1108]: ci-info: +--------+------+-----------------------------+---------------+--------+-------------------+
[   11.272704] cloud-init[1108]: ci-info: ++++++++++++++++++++++++++++Route IPv4 info++++++++++++++++++++++++++++
[   11.274644] cloud-init[1108]: ci-info: +-------+--------------+----------+---------------+-----------+-------+
[   11.276856] cloud-init[1108]: ci-info: | Route | Destination  | Gateway  |    Genmask    | Interface | Flags |
[   11.281661] cloud-init[1108]: ci-info: +-------+--------------+----------+---------------+-----------+-------+
[   11.290902] cloud-init[1108]: ci-info: |   0   |   0.0.0.0    | 10.0.2.2 |    0.0.0.0    |   enp0s3  |   UG  |
[   11.293900] cloud-init[1108]: ci-info: |   1   |   10.0.2.0   | 0.0.0.0  | 255.255.255.0 |   enp0s3  |   U   |
[   11.298950] cloud-init[1108]: ci-info: |   2   | 192.168.33.0 | 0.0.0.0  | 255.255.255.0 |   enp0s8  |   U   |
[   11.306411] cloud-init[1108]: ci-info: +-------+--------------+----------+---------------+-----------+-------+
[   11.309741] cloud-init[1108]: ci-info: +++++++++++++++++++Route IPv6 info+++++++++++++++++++
[   11.314637] cloud-init[1108]: ci-info: +-------+-------------+---------+-----------+-------+
[   11.318977] cloud-init[1108]: ci-info: | Route | Destination | Gateway | Interface | Flags |
[   11.323393] cloud-init[1108]: ci-info: +-------+-------------+---------+-----------+-------+
[   11.326013] cloud-init[1108]: ci-info: |   0   |  fe80::/64  |    ::   |   enp0s8  |   U   |
[   11.328259] cloud-init[1108]: ci-info: |   1   |  fe80::/64  |    ::   |   enp0s3  |   U   |
[   11.340921] cloud-init[1108]: ci-info: |   4   |   ff00::/8  |    ::   |   enp0s8  |   U   |
[   11.349042] cloud-init[1108]: ci-info: |   5   |   ff00::/8  |    ::   |   enp0s3  |   U   |
[   11.356950] cloud-init[1108]: ci-info: +-------+-------------+---------+-----------+-------+
[[0;32m  OK  [0m] Started Initial cloud-init job (metadata service crawler).
[[0;32m  OK  [0m] Reached target System Initialization.
[[0;32m  OK  [0m] Listening on ACPID Listen Socket.
[[0;32m  OK  [0m] Started ACPI Events Check.
[[0;32m  OK  [0m] Reached target Paths.
[[0;32m  OK  [0m] Started Daily Cleanup of Temporary Directories.
[[0;32m  OK  [0m] Listening on UUID daemon activation socket.
         Starting LXD - unix socket.
[[0;32m  OK  [0m] Listening on D-Bus System Message Bus Socket.
         Starting Socket activation for snappy daemon.
[[0;32m  OK  [0m] Started Message of the Day.
[[0;32m  OK  [0m] Started Daily apt download activities.
[[0;32m  OK  [0m] Started Daily apt upgrade and clean activities.
[[0;32m  OK  [0m] Reached target Timers.
[[0;32m  OK  [0m] Reached target Cloud-config availability.
[[0;32m  OK  [0m] Reached target Network is Online.
         Starting iSCSI initiator daemon (iscsid)...
[[0;32m  OK  [0m] Listening on LXD - unix socket.
[[0;32m  OK  [0m] Listening on Socket activation for snappy daemon.
[[0;32m  OK  [0m] Reached target Sockets.
[[0;32m  OK  [0m] Reached target Basic System.
[[0;32m  OK  [0m] Started FUSE filesystem for LXC.
         Starting LSB: MD monitoring daemon...
         Starting MySQL Community Server...
         Starting Accounts Service...
         Starting vboxadd.service...
         Starting Login Service...
         Starting LXD - container startup/shutdown...
[[0;32m  OK  [0m] Started Regular background program processing daemon.
[[0;32m  OK  [0m] Started ACPI event daemon.
         Starting LSB: Record successful boot for GRUB...
[[0;32m  OK  [0m] Started Deferred execution scheduler.
         Starting System Logging Service...
         Starting Snap Daemon...
         Starting OpenBSD Secure Shell server...
[[0;32m  OK  [0m] Started D-Bus System Message Bus.
         Starting /etc/rc.local Compatibility...
[[0;32m  OK  [0m] Started System Logging Service.
[[0;32m  OK  [0m] Started iSCSI initiator daemon (iscsid).
[[0;32m  OK  [0m] Started /etc/rc.local Compatibility.
         Starting Login to default iSCSI targets...
[[0;32m  OK  [0m] Started OpenBSD Secure Shell server.
[[0;32m  OK  [0m] Started Login Service.
[[0;32m  OK  [0m] Started LSB: Record successful boot for GRUB.
[[0;32m  OK  [0m] Started LSB: MD monitoring daemon.
[[0;32m  OK  [0m] Started Login to default iSCSI targets.
         Starting Authenticate and Authorize Users to Run Privileged Tasks...
[[0;32m  OK  [0m] Reached target Remote File Systems (Pre).
[[0;32m  OK  [0m] Reached target Remote File Systems.
         Starting Permit User Sessions...
         Starting LSB: automatic crash report generation...
         Starting LSB: Set the CPU Frequency Scaling governor to "ondemand"...
         Starting LSB: Apache2 web server...
         Starting LSB: daemon to balance interrupts for SMP systems...
[[0;32m  OK  [0m] Started Unattended Upgrades Shutdown.
[[0;32m  OK  [0m] Started LXD - container startup/shutdown.
[[0;32m  OK  [0m] Started Permit User Sessions.
         Starting Terminate Plymouth Boot Screen...
         Starting Hold until boot process finishes up...
[[0;32m  OK  [0m] Started Hold until boot process finishes up.
[[0;32m  OK  [0m] Started Authenticate and Authorize Users to Run Privileged Tasks.
         Starting Set console scheme...
[[0;32m  OK  [0m] Started Getty on tty1.
[[0;32m  OK  [0m] Started Serial Getty on ttyS0.
[[0;32m  OK  [0m] Reached target Login Prompts.
[[0;32m  OK  [0m] Started Terminate Plymouth Boot Screen.
[[0;32m  OK  [0m] Started LSB: Set the CPU Frequency Scaling governor to "ondemand".
[[0;32m  OK  [0m] Started Accounts Service.
[[0;32m  OK  [0m] Started Set console scheme.
[[0;32m  OK  [0m] Started LSB: daemon to balance interrupts for SMP systems.
[[0;32m  OK  [0m] Started LSB: automatic crash report generation.
[[0;32m  OK  [0m] Created slice User Slice of vagrant.
         Starting User Manager for UID 1000...
[[0;32m  OK  [0m] Started Session 1 of user vagrant.
[[0;32m  OK  [0m] Started User Manager for UID 1000.
[[0;32m  OK  [0m] Started Snap Daemon.
         Starting Wait until snapd is fully seeded...
[[0;32m  OK  [0m] Started Wait until snapd is fully seeded.
         Starting Apply the settings specified in cloud-config...
[[0;32m  OK  [0m] Started LSB: Apache2 web server.
[[0;32m  OK  [0m] Started MySQL Community Server.
[   15.960224] cloud-init[1433]: Cloud-init v. 19.4-33-gbb4131a2-0ubuntu1~16.04.1 running 'modules:config' at Fri, 17 Jul 2020 13:20:51 +0000. Up 15.68 seconds.
[[0;32m  OK  [0m] Started vboxadd.service.
         Starting vboxadd-service.service...
[[0;32m  OK  [0m] Started Apply the settings specified in cloud-config.
[[0;32m  OK  [0m] Started vboxadd-service.service.
[[0;32m  OK  [0m] Reached target Multi-User System.
[[0;32m  OK  [0m] Reached target Graphical Interface.
         Starting Execute cloud user/final scripts...
         Starting Update UTMP about System Runlevel Changes...
[[0;32m  OK  [0m] Started Update UTMP about System Runlevel Changes.
[   17.320092] cloud-init[1643]: Cloud-init v. 19.4-33-gbb4131a2-0ubuntu1~16.04.1 running 'modules:final' at Fri, 17 Jul 2020 13:20:53 +0000. Up 17.05 seconds.
[   17.337265] cloud-init[1643]: Cloud-init v. 19.4-33-gbb4131a2-0ubuntu1~16.04.1 finished at Fri, 17 Jul 2020 13:20:53 +0000. Datasource DataSourceNoCloud [seed=/dev/sdb][dsmode=net].  Up 17.30 seconds
[[0;32m  OK  [0m] Started Execute cloud user/final scripts.
[[0;32m  OK  [0m] Reached target Cloud-init target.

Ubuntu 16.04.6 LTS ubuntu-xenial ttyS0

ubuntu-xenial login: 